Fri 12 Aug 2022 02:13:43 PM UTC: 
In file included from test.c:5:
exercises.c: In function ‘crearPersona’:
exercises.c:62:23: error: expected expression before ‘Persona’
   62 |   scanf("%s""%s""%d",&Persona.nombre,&Persona.rut,&Persona.edad);
      |                       ^~~~~~~
exercises.c: In function ‘crearVector’:
exercises.c:81:16: error: initialization of ‘int’ from ‘void *’ makes integer from pointer without a cast [-Werror=int-conversion]
   81 |   int vector = malloc (n*sizeof(int));
      |                ^~~~~~
exercises.c:82:10: error: returning ‘int’ from a function with return type ‘Vector *’ makes pointer from integer without a cast [-Werror=int-conversion]
   82 |   return vector;
      |          ^~~~~~
exercises.c: In function ‘asignarValor’:
exercises.c:92:17: error: expected ‘;’ before ‘)’ token
   92 |   for (i = valor)
      |                 ^
      |                 ;
exercises.c:92:17: error: expected expression before ‘)’ token
exercises.c:94:1: error: expected expression before ‘}’ token
   94 | }
      | ^
cc1: all warnings being treated as errors
Compilation failed
47b30b6
Fri 12 Aug 2022 02:14:50 PM UTC: 
 exercises.c | 1 -
 1 file changed, 1 deletion(-)
In file included from test.c:5:
exercises.c: In function ‘crearPersona’:
exercises.c:62:23: error: expected expression before ‘Persona’
   62 |   scanf("%s""%s""%d",&Persona.nombre,&Persona.rut,&Persona.edad);
      |                       ^~~~~~~
exercises.c: In function ‘crearVector’:
exercises.c:81:16: error: initialization of ‘int’ from ‘void *’ makes integer from pointer without a cast [-Werror=int-conversion]
   81 |   int vector = malloc (n*sizeof(int));
      |                ^~~~~~
exercises.c:82:10: error: returning ‘int’ from a function with return type ‘Vector *’ makes pointer from integer without a cast [-Werror=int-conversion]
   82 |   return vector;
      |          ^~~~~~
cc1: all warnings being treated as errors
Compilation failed
728a9d7
Fri 12 Aug 2022 02:15:47 PM UTC: 
 exercises.c | 2 --
 1 file changed, 2 deletions(-)
In file included from test.c:5:
exercises.c: In function ‘crearPersona’:
exercises.c:62:23: error: expected expression before ‘Persona’
   62 |   scanf("%s""%s""%d",&Persona.nombre,&Persona.rut,&Persona.edad);
      |                       ^~~~~~~
Compilation failed
ea71ec6
Fri 12 Aug 2022 02:16:22 PM UTC: 
In file included from test.c:5:
exercises.c: In function ‘crearPersona’:
exercises.c:62:23: error: expected expression before ‘Persona’
   62 |   scanf("%s""%s""%d",&Persona.nombre,&Persona.rut,&Persona.edad);
      |                       ^~~~~~~
Compilation failed
11ce053
Fri 12 Aug 2022 02:17:31 PM UTC: 
 exercises.c | 2 +-
 1 file changed, 1 insertion(+), 1 deletion(-)
In file included from test.c:5:
exercises.c: In function ‘crearPersona’:
exercises.c:62:21: error: expected expression before ‘Persona’
   62 |   scanf("%s %s %d",&Persona.nombre,&Persona.rut,&Persona.edad);
      |                     ^~~~~~~
Compilation failed
99c0283
Fri 12 Aug 2022 02:17:46 PM UTC: 
 exercises.c | 1 -
 1 file changed, 1 deletion(-)
 tests:  1|6
total_score: 10/70
673794a
Fri 12 Aug 2022 02:23:40 PM UTC: 
 exercises.c | 5 ++---
 1 file changed, 2 insertions(+), 3 deletions(-)
In file included from test.c:5:
exercises.c: In function ‘sumaNultimos’:
exercises.c:41:3: error: too few arguments to function ‘sumaN’
   41 |   sumaN();
      |   ^~~~~
exercises.c:22:5: note: declared here
   22 | int sumaN(int a[], int N) {
      |     ^~~~~
exercises.c:42:11: error: too few arguments to function ‘sumaN’
   42 |   *suma = sumaN()
      |           ^~~~~
exercises.c:22:5: note: declared here
   22 | int sumaN(int a[], int N) {
      |     ^~~~~
exercises.c:42:18: error: expected ‘;’ before ‘}’ token
   42 |   *suma = sumaN()
      |                  ^
      |                  ;
   43 | 
   44 | }
      | ~                 
Compilation failed
04a2efb
Fri 12 Aug 2022 02:23:49 PM UTC: 
 exercises.c | 2 +-
 1 file changed, 1 insertion(+), 1 deletion(-)
In file included from test.c:5:
exercises.c: In function ‘sumaNultimos’:
exercises.c:41:3: error: too few arguments to function ‘sumaN’
   41 |   sumaN();
      |   ^~~~~
exercises.c:22:5: note: declared here
   22 | int sumaN(int a[], int N) {
      |     ^~~~~
exercises.c:42:11: error: too few arguments to function ‘sumaN’
   42 |   *suma = sumaN();
      |           ^~~~~
exercises.c:22:5: note: declared here
   22 | int sumaN(int a[], int N) {
      |     ^~~~~
Compilation failed
e79626b
Fri 12 Aug 2022 02:25:57 PM UTC: 
 exercises.c | 2 +-
 1 file changed, 1 insertion(+), 1 deletion(-)
In file included from test.c:5:
exercises.c: In function ‘sumaNultimos’:
exercises.c:41:19: error: passing argument 1 of ‘sumaN’ makes pointer from integer without a cast [-Werror=int-conversion]
   41 |   int sum = sumaN(2,3);
      |                   ^
      |                   |
      |                   int
exercises.c:22:15: note: expected ‘int *’ but argument is of type ‘int’
   22 | int sumaN(int a[], int N) {
      |           ~~~~^~~
exercises.c:41:7: error: unused variable ‘sum’ [-Werror=unused-variable]
   41 |   int sum = sumaN(2,3);
      |       ^~~
exercises.c:41:13: error: ‘sumaN’ accessing 4 bytes in a region of size 0 [-Werror=stringop-overflow=]
   41 |   int sum = sumaN(2,3);
      |             ^~~~~~~~~~
exercises.c:41:13: note: referencing argument 1 of type ‘int *’
exercises.c:22:5: note: in a call to function ‘sumaN’
   22 | int sumaN(int a[], int N) {
      |     ^~~~~
cc1: all warnings being treated as errors
Compilation failed
6bb1948
Fri 12 Aug 2022 02:26:22 PM UTC: 
 exercises.c | 2 +-
 1 file changed, 1 insertion(+), 1 deletion(-)
In file included from test.c:5:
exercises.c: In function ‘sumaNultimos’:
exercises.c:41:20: error: passing argument 1 of ‘sumaN’ makes pointer from integer without a cast [-Werror=int-conversion]
   41 |   int sum = sumaN(a[5],3);
      |                   ~^~~
      |                    |
      |                    int
exercises.c:22:15: note: expected ‘int *’ but argument is of type ‘int’
   22 | int sumaN(int a[], int N) {
      |           ~~~~^~~
exercises.c:41:7: error: unused variable ‘sum’ [-Werror=unused-variable]
   41 |   int sum = sumaN(a[5],3);
      |       ^~~
cc1: all warnings being treated as errors
Compilation failed
62b9de0
Fri 12 Aug 2022 02:27:13 PM UTC: 
 exercises.c | 1 +
 1 file changed, 1 insertion(+)
In file included from test.c:5:
exercises.c: In function ‘sumaNultimos’:
exercises.c:41:20: error: passing argument 1 of ‘sumaN’ makes pointer from integer without a cast [-Werror=int-conversion]
   41 |   int sum = sumaN(a[5],3);
      |                   ~^~~
      |                    |
      |                    int
exercises.c:22:15: note: expected ‘int *’ but argument is of type ‘int’
   22 | int sumaN(int a[], int N) {
      |           ~~~~^~~
cc1: all warnings being treated as errors
Compilation failed
ab65e1a
Fri 12 Aug 2022 02:27:52 PM UTC: 
 exercises.c | 2 +-
 1 file changed, 1 insertion(+), 1 deletion(-)
In file included from test.c:5:
exercises.c: In function ‘sumaNultimos’:
exercises.c:41:19: error: passing argument 1 of ‘sumaN’ makes pointer from integer without a cast [-Werror=int-conversion]
   41 |   int sum = sumaN(n);
      |                   ^
      |                   |
      |                   int
exercises.c:22:15: note: expected ‘int *’ but argument is of type ‘int’
   22 | int sumaN(int a[], int N) {
      |           ~~~~^~~
exercises.c:41:13: error: too few arguments to function ‘sumaN’
   41 |   int sum = sumaN(n);
      |             ^~~~~
exercises.c:22:5: note: declared here
   22 | int sumaN(int a[], int N) {
      |     ^~~~~
cc1: all warnings being treated as errors
Compilation failed
ae842d8
Fri 12 Aug 2022 02:28:35 PM UTC: 
 exercises.c | 2 +-
 1 file changed, 1 insertion(+), 1 deletion(-)
In file included from test.c:5:
exercises.c: In function ‘sumaNultimos’:
exercises.c:41:21: error: expected expression before ‘]’ token
   41 |   int sum = sumaN(a[],n);
      |                     ^
Compilation failed
a1d75a7
Fri 12 Aug 2022 02:28:54 PM UTC: 
 exercises.c | 2 +-
 1 file changed, 1 insertion(+), 1 deletion(-)
In file included from test.c:5:
exercises.c: In function ‘sumaNultimos’:
exercises.c:41:20: error: passing argument 1 of ‘sumaN’ makes pointer from integer without a cast [-Werror=int-conversion]
   41 |   int sum = sumaN(a[n],n);
      |                   ~^~~
      |                    |
      |                    int
exercises.c:22:15: note: expected ‘int *’ but argument is of type ‘int’
   22 | int sumaN(int a[], int N) {
      |           ~~~~^~~
cc1: all warnings being treated as errors
Compilation failed
ea2eede
Fri 12 Aug 2022 02:29:07 PM UTC: 
 exercises.c | 2 +-
 1 file changed, 1 insertion(+), 1 deletion(-)
In file included from test.c:5:
exercises.c: In function ‘sumaNultimos’:
exercises.c:41:21: error: passing argument 1 of ‘sumaN’ makes pointer from integer without a cast [-Werror=int-conversion]
   41 |   int *sum = sumaN(a[n],n);
      |                    ~^~~
      |                     |
      |                     int
exercises.c:22:15: note: expected ‘int *’ but argument is of type ‘int’
   22 | int sumaN(int a[], int N) {
      |           ~~~~^~~
exercises.c:41:14: error: initialization of ‘int *’ from ‘int’ makes pointer from integer without a cast [-Werror=int-conversion]
   41 |   int *sum = sumaN(a[n],n);
      |              ^~~~~
exercises.c:42:9: error: assignment to ‘int’ from ‘int *’ makes integer from pointer without a cast [-Werror=int-conversion]
   42 |   *suma = sum;
      |         ^
cc1: all warnings being treated as errors
Compilation failed
47fa64a
Fri 12 Aug 2022 02:29:25 PM UTC: 
 exercises.c | 3 +--
 1 file changed, 1 insertion(+), 2 deletions(-)
In file included from test.c:5:
exercises.c: In function ‘sumaNultimos’:
exercises.c:41:18: error: passing argument 1 of ‘sumaN’ makes pointer from integer without a cast [-Werror=int-conversion]
   41 |   *suma = sumaN(a[n],n);
      |                 ~^~~
      |                  |
      |                  int
exercises.c:22:15: note: expected ‘int *’ but argument is of type ‘int’
   22 | int sumaN(int a[], int N) {
      |           ~~~~^~~
cc1: all warnings being treated as errors
Compilation failed
6743ee6
Fri 12 Aug 2022 02:29:48 PM UTC: 
 exercises.c | 3 ++-
 1 file changed, 2 insertions(+), 1 deletion(-)
test.c: In function ‘test_suma_n’:
test.c:91:18: error: passing argument 1 of ‘sumaNultimos’ from incompatible pointer type [-Werror=incompatible-pointer-types]
   91 |     sumaNultimos(a, 10, m, res);
      |                  ^
      |                  |
      |                  int *
In file included from test.c:5:
exercises.c:41:25: note: expected ‘int **’ but argument is of type ‘int *’
   41 | void sumaNultimos(int * a[], int n, int m, int * suma) {
      |                   ~~~~~~^~~
cc1: all warnings being treated as errors
Compilation failed
09481ba
Fri 12 Aug 2022 02:30:44 PM UTC: 
 exercises.c | 2 +-
 1 file changed, 1 insertion(+), 1 deletion(-)
test.c: In function ‘test_suma_n’:
test.c:91:18: error: passing argument 1 of ‘sumaNultimos’ from incompatible pointer type [-Werror=incompatible-pointer-types]
   91 |     sumaNultimos(a, 10, m, res);
      |                  ^
      |                  |
      |                  int *
In file included from test.c:5:
exercises.c:41:24: note: expected ‘int **’ but argument is of type ‘int *’
   41 | void sumaNultimos(int *a[], int n, int m, int * suma) {
      |                   ~~~~~^~~
cc1: all warnings being treated as errors
Compilation failed
f54a34e
Fri 12 Aug 2022 02:31:00 PM UTC: 
 exercises.c | 2 +-
 1 file changed, 1 insertion(+), 1 deletion(-)
In file included from test.c:5:
exercises.c: In function ‘sumaNultimos’:
exercises.c:42:18: error: passing argument 1 of ‘sumaN’ from incompatible pointer type [-Werror=incompatible-pointer-types]
   42 |   *suma = sumaN(a[n],m);
      |                 ~^~~
      |                  |
      |                  int **
exercises.c:22:15: note: expected ‘int *’ but argument is of type ‘int **’
   22 | int sumaN(int a[], int N) {
      |           ~~~~^~~
test.c: In function ‘test_suma_n’:
test.c:91:18: error: passing argument 1 of ‘sumaNultimos’ from incompatible pointer type [-Werror=incompatible-pointer-types]
   91 |     sumaNultimos(a, 10, m, res);
      |                  ^
      |                  |
      |                  int *
In file included from test.c:5:
exercises.c:41:25: note: expected ‘int ***’ but argument is of type ‘int *’
   41 | void sumaNultimos(int **a[], int n, int m, int * suma) {
      |                   ~~~~~~^~~
cc1: all warnings being treated as errors
Compilation failed
1e12dd1
Fri 12 Aug 2022 05:25:10 PM UTC: 
 exercises.c | 5 +++++
 1 file changed, 5 insertions(+)
 tests:  1|6
total_score: 10/70
fa316f6
Fri 12 Aug 2022 05:26:39 PM UTC: 
 exercises.c | 2 +-
 1 file changed, 1 insertion(+), 1 deletion(-)
 tests:  1|6
total_score: 10/70
0737f3c
Fri 12 Aug 2022 05:32:07 PM UTC: 
 exercises.c | 2 +-
 1 file changed, 1 insertion(+), 1 deletion(-)
 tests:  1|6
total_score: 10/70
a1a9946
Fri 12 Aug 2022 05:32:28 PM UTC: 
 exercises.c | 2 +-
 1 file changed, 1 insertion(+), 1 deletion(-)
 tests:  1|6
total_score: 10/70
6e81471
Fri 12 Aug 2022 05:33:10 PM UTC: 
 exercises.c | 2 +-
 1 file changed, 1 insertion(+), 1 deletion(-)
 tests:  2|5
total_score: 20/70
f702e08
Fri 12 Aug 2022 05:37:13 PM UTC: 
 exercises.c | 1 +
 1 file changed, 1 insertion(+)
In file included from test.c:5:
exercises.c: In function ‘crearPersona’:
exercises.c:66:21: error: expected expression before ‘Persona’
   66 |   scanf("%s %s %d",&Persona.nombre, &Persona.rut, &Persona.edad);
      |                     ^~~~~~~
Compilation failed
0e525a0
Fri 12 Aug 2022 05:40:13 PM UTC: 
 exercises.c | 3 +--
 1 file changed, 1 insertion(+), 2 deletions(-)
In file included from test.c:5:
exercises.c: In function ‘crearPersona’:
exercises.c:66:11: error: ‘p’ undeclared (first use in this function)
   66 |   return *p = scanf("%s %s %d",&Persona.nombre, &Persona.rut, &Persona.edad);
      |           ^
exercises.c:66:11: note: each undeclared identifier is reported only once for each function it appears in
exercises.c:66:33: error: expected expression before ‘Persona’
   66 |   return *p = scanf("%s %s %d",&Persona.nombre, &Persona.rut, &Persona.edad);
      |                                 ^~~~~~~
exercises.c:67:1: error: control reaches end of non-void function [-Werror=return-type]
   67 | }
      | ^
cc1: all warnings being treated as errors
Compilation failed
b1fac61
Fri 12 Aug 2022 05:43:42 PM UTC: 
 exercises.c | 2 +-
 1 file changed, 1 insertion(+), 1 deletion(-)
 tests:  2|5
total_score: 20/70
8ce8b46
Fri 12 Aug 2022 05:59:37 PM UTC: 
 exercises.c | 12 ++++++++++++
 1 file changed, 12 insertions(+)
In file included from test.c:5:
exercises.c: In function ‘sumaV’:
exercises.c:113:7: error: ‘a’ redeclared as different kind of symbol
  113 |   int a,b,c = 0;
      |       ^
exercises.c:112:21: note: previous definition of ‘a’ with type ‘Vector *’
  112 | void sumaV(Vector * a, Vector * b, Vector * c) {
      |            ~~~~~~~~~^
exercises.c:113:9: error: ‘b’ redeclared as different kind of symbol
  113 |   int a,b,c = 0;
      |         ^
exercises.c:112:33: note: previous definition of ‘b’ with type ‘Vector *’
  112 | void sumaV(Vector * a, Vector * b, Vector * c) {
      |                        ~~~~~~~~~^
exercises.c:113:11: error: ‘c’ redeclared as different kind of symbol
  113 |   int a,b,c = 0;
      |           ^
exercises.c:112:45: note: previous definition of ‘c’ with type ‘Vector *’
  112 | void sumaV(Vector * a, Vector * b, Vector * c) {
      |                                    ~~~~~~~~~^
exercises.c:119:13: error: subscripted value is neither array nor pointer nor vector
  119 |         if(a[i] == b[j]){
      |             ^
exercises.c:119:21: error: subscripted value is neither array nor pointer nor vector
  119 |         if(a[i] == b[j]){
      |                     ^
exercises.c:120:12: error: subscripted value is neither array nor pointer nor vector
  120 |           c[k] = a+b;
      |            ^
exercises.c:113:11: error: variable ‘c’ set but not used [-Werror=unused-but-set-variable]
  113 |   int a,b,c = 0;
      |           ^
cc1: all warnings being treated as errors
Compilation failed
64c3178
Fri 12 Aug 2022 06:01:24 PM UTC: 
 exercises.c | 10 ++--------
 1 file changed, 2 insertions(+), 8 deletions(-)
In file included from test.c:5:
exercises.c: In function ‘sumaV’:
exercises.c:114:13: error: format ‘%d’ expects argument of type ‘int *’, but argument 2 has type ‘Vector **’ [-Werror=format=]
  114 |     scanf("%d",&a);
      |            ~^  ~~
      |             |  |
      |             |  Vector **
      |             int *
exercises.c:116:15: error: format ‘%d’ expects argument of type ‘int *’, but argument 2 has type ‘Vector **’ [-Werror=format=]
  116 |       scanf("%d",&b);
      |              ~^  ~~
      |               |  |
      |               |  Vector **
      |               int *
exercises.c:114:5: error: ignoring return value of ‘scanf’ declared with attribute ‘warn_unused_result’ [-Werror=unused-result]
  114 |     scanf("%d",&a);
      |     ^~~~~~~~~~~~~~
exercises.c:116:7: error: ignoring return value of ‘scanf’ declared with attribute ‘warn_unused_result’ [-Werror=unused-result]
  116 |       scanf("%d",&b);
      |       ^~~~~~~~~~~~~~
cc1: all warnings being treated as errors
Compilation failed
2531908
Fri 12 Aug 2022 06:02:00 PM UTC: 
 exercises.c | 2 +-
 1 file changed, 1 insertion(+), 1 deletion(-)
In file included from test.c:5:
exercises.c: In function ‘sumaV’:
exercises.c:114:11: error: passing argument 1 of ‘scanf’ from incompatible pointer type [-Werror=incompatible-pointer-types]
  114 |     scanf(&a);
      |           ^~
      |           |
      |           Vector **
In file included from test.c:1:
/nix/store/dwsi3wsqpqm0hpzdm9fsxc7q732p9xwi-glibc-2.34-210-dev/include/stdio.h:415:42: note: expected ‘const char * restrict’ but argument is of type ‘Vector **’
  415 | extern int scanf (const char *__restrict __format, ...) __wur;
      |                   ~~~~~~~~~~~~~~~~~~~~~~~^~~~~~~~
In file included from test.c:5:
exercises.c:114:11: error: format not a string literal and no format arguments [-Werror=format-security]
  114 |     scanf(&a);
      |           ^~
exercises.c:116:15: error: format ‘%d’ expects argument of type ‘int *’, but argument 2 has type ‘Vector **’ [-Werror=format=]
  116 |       scanf("%d",&b);
      |              ~^  ~~
      |               |  |
      |               |  Vector **
      |               int *
exercises.c:114:5: error: ignoring return value of ‘scanf’ declared with attribute ‘warn_unused_result’ [-Werror=unused-result]
  114 |     scanf(&a);
      |     ^~~~~~~~~
exercises.c:116:7: error: ignoring return value of ‘scanf’ declared with attribute ‘warn_unused_result’ [-Werror=unused-result]
  116 |       scanf("%d",&b);
      |       ^~~~~~~~~~~~~~
cc1: all warnings being treated as errors
Compilation failed
a7abb47
Fri 12 Aug 2022 06:03:28 PM UTC: 
 exercises.c | 5 +----
 1 file changed, 1 insertion(+), 4 deletions(-)
In file included from test.c:5:
exercises.c: In function ‘sumaV’:
exercises.c:114:17: error: invalid operands to binary + (have ‘Vector’ and ‘Vector’)
  114 |     c[i] = a[i] + b[i]
      |            ~~~~ ^ ~~~~
      |             |      |
      |             Vector Vector
exercises.c:114:23: error: expected ‘;’ before ‘}’ token
  114 |     c[i] = a[i] + b[i]
      |                       ^
      |                       ;
  115 |   }
      |   ~                    
Compilation failed
1ced1d7
Fri 12 Aug 2022 06:03:36 PM UTC: 
 exercises.c | 2 +-
 1 file changed, 1 insertion(+), 1 deletion(-)
In file included from test.c:5:
exercises.c: In function ‘sumaV’:
exercises.c:114:17: error: invalid operands to binary + (have ‘Vector’ and ‘Vector’)
  114 |     c[i] = a[i] + b[i];
      |            ~~~~ ^ ~~~~
      |             |      |
      |             Vector Vector
Compilation failed
06df3ae
Fri 12 Aug 2022 06:05:58 PM UTC: 
 exercises.c | 2 +-
 1 file changed, 1 insertion(+), 1 deletion(-)
In file included from test.c:5:
exercises.c: In function ‘sumaV’:
exercises.c:114:13: error: format ‘%d’ expects argument of type ‘int *’, but argument 2 has type ‘Vector *’ [-Werror=format=]
  114 |     scanf("%d %d",a, b);
      |            ~^     ~
      |             |     |
      |             int * Vector *
exercises.c:114:16: error: format ‘%d’ expects argument of type ‘int *’, but argument 3 has type ‘Vector *’ [-Werror=format=]
  114 |     scanf("%d %d",a, b);
      |               ~^     ~
      |                |     |
      |                int * Vector *
exercises.c:114:5: error: ignoring return value of ‘scanf’ declared with attribute ‘warn_unused_result’ [-Werror=unused-result]
  114 |     scanf("%d %d",a, b);
      |     ^~~~~~~~~~~~~~~~~~~
cc1: all warnings being treated as errors
Compilation failed
aa20f34
Fri 12 Aug 2022 06:07:39 PM UTC: 
 exercises.c | 3 +++
 1 file changed, 3 insertions(+)
In file included from test.c:5:
exercises.c: In function ‘sumaV’:
exercises.c:114:13: error: format ‘%d’ expects argument of type ‘int *’, but argument 2 has type ‘Vector *’ [-Werror=format=]
  114 |     scanf("%d %d",a, b);
      |            ~^     ~
      |             |     |
      |             int * Vector *
exercises.c:114:16: error: format ‘%d’ expects argument of type ‘int *’, but argument 3 has type ‘Vector *’ [-Werror=format=]
  114 |     scanf("%d %d",a, b);
      |               ~^     ~
      |                |     |
      |                int * Vector *
exercises.c:117:17: error: invalid operands to binary + (have ‘Vector’ and ‘Vector’)
  117 |     c[i] = a[i] + b[i];
      |            ~~~~ ^ ~~~~
      |             |      |
      |             Vector Vector
exercises.c:114:5: error: ignoring return value of ‘scanf’ declared with attribute ‘warn_unused_result’ [-Werror=unused-result]
  114 |     scanf("%d %d",a, b);
      |     ^~~~~~~~~~~~~~~~~~~
cc1: all warnings being treated as errors
Compilation failed
04a43cf
Fri 12 Aug 2022 06:08:07 PM UTC: 
 exercises.c | 2 +-
 1 file changed, 1 insertion(+), 1 deletion(-)
In file included from test.c:5:
exercises.c: In function ‘sumaV’:
exercises.c:114:13: error: format ‘%d’ expects argument of type ‘int *’, but argument 2 has type ‘Vector *’ [-Werror=format=]
  114 |     scanf("%d %d",a, b);
      |            ~^     ~
      |             |     |
      |             int * Vector *
exercises.c:114:16: error: format ‘%d’ expects argument of type ‘int *’, but argument 3 has type ‘Vector *’ [-Werror=format=]
  114 |     scanf("%d %d",a, b);
      |               ~^     ~
      |                |     |
      |                int * Vector *
exercises.c:117:11: error: invalid operands to binary + (have ‘Vector *’ and ‘Vector *’)
  117 |     c = a + b;
      |           ^
exercises.c:114:5: error: ignoring return value of ‘scanf’ declared with attribute ‘warn_unused_result’ [-Werror=unused-result]
  114 |     scanf("%d %d",a, b);
      |     ^~~~~~~~~~~~~~~~~~~
cc1: all warnings being treated as errors
Compilation failed
1109c99
Fri 12 Aug 2022 06:12:16 PM UTC: 
 exercises.c | 4 ++--
 1 file changed, 2 insertions(+), 2 deletions(-)
In file included from test.c:5:
exercises.c: In function ‘sumaV’:
exercises.c:114:13: error: format ‘%d’ expects argument of type ‘int *’, but argument 2 has type ‘Vector *’ [-Werror=format=]
  114 |     scanf("%d",a);
      |            ~^  ~
      |             |  |
      |             |  Vector *
      |             int *
exercises.c:117:16: error: ‘n’ undeclared (first use in this function)
  117 |     scanf("%d",n);
      |                ^
exercises.c:117:16: note: each undeclared identifier is reported only once for each function it appears in
exercises.c:114:5: error: ignoring return value of ‘scanf’ declared with attribute ‘warn_unused_result’ [-Werror=unused-result]
  114 |     scanf("%d",a);
      |     ^~~~~~~~~~~~~
cc1: all warnings being treated as errors
Compilation failed
ccd31f5
Fri 12 Aug 2022 06:12:35 PM UTC: 
 exercises.c | 2 +-
 1 file changed, 1 insertion(+), 1 deletion(-)
In file included from test.c:5:
exercises.c: In function ‘sumaV’:
exercises.c:114:13: error: format ‘%d’ expects argument of type ‘int *’, but argument 2 has type ‘Vector *’ [-Werror=format=]
  114 |     scanf("%d",a);
      |            ~^  ~
      |             |  |
      |             |  Vector *
      |             int *
exercises.c:117:13: error: format ‘%d’ expects argument of type ‘int *’, but argument 2 has type ‘Vector *’ [-Werror=format=]
  117 |     scanf("%d",b);
      |            ~^  ~
      |             |  |
      |             |  Vector *
      |             int *
exercises.c:114:5: error: ignoring return value of ‘scanf’ declared with attribute ‘warn_unused_result’ [-Werror=unused-result]
  114 |     scanf("%d",a);
      |     ^~~~~~~~~~~~~
exercises.c:117:5: error: ignoring return value of ‘scanf’ declared with attribute ‘warn_unused_result’ [-Werror=unused-result]
  117 |     scanf("%d",b);
      |     ^~~~~~~~~~~~~
cc1: all warnings being treated as errors
Compilation failed
d7d3a7f
Fri 12 Aug 2022 06:13:06 PM UTC: 
 exercises.c | 4 ++--
 1 file changed, 2 insertions(+), 2 deletions(-)
In file included from test.c:5:
exercises.c: In function ‘sumaV’:
exercises.c:114:13: error: format ‘%d’ expects argument of type ‘int *’, but argument 2 has type ‘Vector’ [-Werror=format=]
  114 |     scanf("%d",a[i]);
      |            ~^  ~~~~
      |             |   |
      |             |   Vector
      |             int *
exercises.c:117:13: error: format ‘%d’ expects argument of type ‘int *’, but argument 2 has type ‘Vector’ [-Werror=format=]
  117 |     scanf("%d",b[i]);
      |            ~^  ~~~~
      |             |   |
      |             |   Vector
      |             int *
exercises.c:114:5: error: ignoring return value of ‘scanf’ declared with attribute ‘warn_unused_result’ [-Werror=unused-result]
  114 |     scanf("%d",a[i]);
      |     ^~~~~~~~~~~~~~~~
exercises.c:117:5: error: ignoring return value of ‘scanf’ declared with attribute ‘warn_unused_result’ [-Werror=unused-result]
  117 |     scanf("%d",b[i]);
      |     ^~~~~~~~~~~~~~~~
cc1: all warnings being treated as errors
Compilation failed
a40f440
Fri 12 Aug 2022 06:17:01 PM UTC: 
 exercises.c | 7 +------
 1 file changed, 1 insertion(+), 6 deletions(-)
In file included from test.c:5:
exercises.c: In function ‘sumaV’:
exercises.c:113:12: error: format ‘%d’ expects argument of type ‘int’, but argument 2 has type ‘Vector’ [-Werror=format=]
  113 |   printf("%d",*a);
      |           ~^  ~~
      |            |  |
      |            |  Vector
      |            int
cc1: all warnings being treated as errors
Compilation failed
cf3abfa
Fri 12 Aug 2022 06:17:16 PM UTC: 
 exercises.c | 2 +-
 1 file changed, 1 insertion(+), 1 deletion(-)
In file included from test.c:5:
exercises.c: In function ‘sumaV’:
exercises.c:113:12: error: format ‘%d’ expects argument of type ‘int’, but argument 2 has type ‘Vector **’ [-Werror=format=]
  113 |   printf("%d",&a);
      |           ~^  ~~
      |            |  |
      |            |  Vector **
      |            int
cc1: all warnings being treated as errors
Compilation failed
d9602c3
Fri 12 Aug 2022 06:17:26 PM UTC: 
 exercises.c | 2 +-
 1 file changed, 1 insertion(+), 1 deletion(-)
In file included from test.c:5:
exercises.c: In function ‘sumaV’:
exercises.c:113:12: error: format ‘%c’ expects argument of type ‘int’, but argument 2 has type ‘Vector **’ [-Werror=format=]
  113 |   printf("%c",&a);
      |           ~^  ~~
      |            |  |
      |            |  Vector **
      |            int
cc1: all warnings being treated as errors
Compilation failed
05aeca1
Fri 12 Aug 2022 06:23:35 PM UTC: 
 exercises.c | 3 +--
 1 file changed, 1 insertion(+), 2 deletions(-)
In file included from test.c:5:
exercises.c: In function ‘crearVector’:
exercises.c:83:4: error: ‘arreglo’ undeclared (first use in this function)
   83 |    arreglo = (Vector *)malloc(sizeof(Vector)*n);
      |    ^~~~~~~
exercises.c:83:4: note: each undeclared identifier is reported only once for each function it appears in
Compilation failed
3bac37f
Fri 12 Aug 2022 06:24:28 PM UTC: 
 exercises.c | 2 +-
 1 file changed, 1 insertion(+), 1 deletion(-)
In file included from test.c:5:
exercises.c: In function ‘crearVector’:
exercises.c:83:4: error: ‘v’ undeclared (first use in this function)
   83 |    v = (Vector *)malloc(sizeof(Vector)*n);
      |    ^
exercises.c:83:4: note: each undeclared identifier is reported only once for each function it appears in
Compilation failed
16c6999
Fri 12 Aug 2022 06:24:47 PM UTC: 
 exercises.c | 2 +-
 1 file changed, 1 insertion(+), 1 deletion(-)
In file included from test.c:5:
exercises.c: In function ‘crearVector’:
exercises.c:83:11: error: ‘v’ undeclared (first use in this function)
   83 |    return v = (Vector *)malloc(sizeof(Vector)*n);
      |           ^
exercises.c:83:11: note: each undeclared identifier is reported only once for each function it appears in
Compilation failed
4cc29ea
Fri 12 Aug 2022 06:24:57 PM UTC: 
 exercises.c | 2 +-
 1 file changed, 1 insertion(+), 1 deletion(-)
 tests:  2|5
total_score: 20/70
48db9a4
Fri 12 Aug 2022 06:25:19 PM UTC: 
 exercises.c | 2 +-
 1 file changed, 1 insertion(+), 1 deletion(-)
 tests:  2|5
total_score: 20/70
5fcbb98
Fri 12 Aug 2022 06:27:30 PM UTC: 
 exercises.c | 3 ++-
 1 file changed, 2 insertions(+), 1 deletion(-)
In file included from test.c:5:
exercises.c: In function ‘crearVector’:
exercises.c:84:12: error: ignoring return value of ‘malloc’ declared with attribute ‘warn_unused_result’ [-Werror=unused-result]
   84 |   (Vector*)malloc ( n*sizeof(Vector) );
      |            ^~~~~~~~~~~~~~~~~~~~~~~~~~~
cc1: all warnings being treated as errors
Compilation failed
eee163a
Fri 12 Aug 2022 06:30:08 PM UTC: 
 exercises.c | 3 +--
 1 file changed, 1 insertion(+), 2 deletions(-)
In file included from test.c:5:
exercises.c: In function ‘crearVector’:
exercises.c:83:11: error: expected expression before ‘int’
   83 |    return int *ptr = malloc(n*sizeof(Vector));
      |           ^~~
Compilation failed
2217df5
Fri 12 Aug 2022 06:30:44 PM UTC: 
 exercises.c | 3 +--
 1 file changed, 1 insertion(+), 2 deletions(-)
 tests:  2|5
total_score: 20/70
b606771
Fri 12 Aug 2022 06:45:18 PM UTC: 
 exercises.c | 9 +++++++--
 1 file changed, 7 insertions(+), 2 deletions(-)
In file included from test.c:5:
exercises.c: In function ‘crearPersona’:
exercises.c:66:3: error: ‘p’ undeclared (first use in this function)
   66 |   p = malloc(30*sizeof(Persona));
      |   ^
exercises.c:66:3: note: each undeclared identifier is reported only once for each function it appears in
exercises.c:68:17: error: expected expression before ‘Persona’
   68 |     scanf("%c",&Persona.nombre);
      |                 ^~~~~~~
exercises.c:69:12: error: expected expression before ‘Persona’
   69 |     p[i] = Persona.nombre;
      |            ^~~~~~~
exercises.c:72:1: error: control reaches end of non-void function [-Werror=return-type]
   72 | }
      | ^
cc1: all warnings being treated as errors
Compilation failed
2f3ef31
Fri 12 Aug 2022 06:52:44 PM UTC: 
 exercises.c | 8 ++------
 1 file changed, 2 insertions(+), 6 deletions(-)
In file included from test.c:5:
exercises.c: In function ‘crearPersona’:
exercises.c:66:40: error: expected ‘)’ before ‘;’ token
   66 |   Persona* p = (malloc(sizeof(Persona));
      |                ~                       ^
      |                                        )
exercises.c:68:1: error: expected ‘,’ or ‘;’ before ‘}’ token
   68 | }
      | ^
test.c:103:6: error: ‘nombre’ redeclared as different kind of symbol
  103 | char nombre[30]; int edad;
      |      ^~~~~~
In file included from test.c:5:
exercises.c:65:28: note: previous definition of ‘nombre’ with type ‘char *’
   65 | Persona* crearPersona(char nombre[], char rut[], int edad) {
      |                       ~~~~~^~~~~~~~
test.c:103:22: error: ‘edad’ redeclared as different kind of symbol
  103 | char nombre[30]; int edad;
      |                      ^~~~
In file included from test.c:5:
exercises.c:65:54: note: previous definition of ‘edad’ with type ‘int’
   65 | Persona* crearPersona(char nombre[], char rut[], int edad) {
      |                                                  ~~~~^~~~
test.c:244:5: error: ‘main’ is normally a non-static function [-Werror=main]
  244 | int main( int argc, char *argv[] ) {
      |     ^~~~
test.c:266:1: error: expected declaration or statement at end of input
  266 | }
      | ^
In file included from test.c:5:
exercises.c:66:12: error: unused variable ‘p’ [-Werror=unused-variable]
   66 |   Persona* p = (malloc(sizeof(Persona));
      |            ^
test.c:267: error: control reaches end of non-void function [-Werror=return-type]
At top level:
test.c:244:5: error: ‘main’ defined but not used [-Werror=unused-function]
  244 | int main( int argc, char *argv[] ) {
      |     ^~~~
cc1: all warnings being treated as errors
Compilation failed
df6e253
Fri 12 Aug 2022 06:53:18 PM UTC: 
 exercises.c | 2 +-
 1 file changed, 1 insertion(+), 1 deletion(-)
In file included from test.c:5:
exercises.c: In function ‘crearPersona’:
exercises.c:66:12: error: unused variable ‘p’ [-Werror=unused-variable]
   66 |   Persona* p = (malloc(sizeof(Persona)));
      |            ^
exercises.c:68:1: error: control reaches end of non-void function [-Werror=return-type]
   68 | }
      | ^
cc1: all warnings being treated as errors
Compilation failed
2e8fafb
Fri 12 Aug 2022 06:53:47 PM UTC: 
 exercises.c | 2 +-
 1 file changed, 1 insertion(+), 1 deletion(-)
In file included from test.c:5:
exercises.c: In function ‘crearPersona’:
exercises.c:66:10: error: expected expression before ‘Persona’
   66 |   return Persona* p = (malloc(sizeof(Persona)));
      |          ^~~~~~~
exercises.c:68:1: error: control reaches end of non-void function [-Werror=return-type]
   68 | }
      | ^
cc1: all warnings being treated as errors
Compilation failed
820ca0a
Fri 12 Aug 2022 07:53:28 PM UTC: 
 exercises.c | 8 ++++++--
 1 file changed, 6 insertions(+), 2 deletions(-)
In file included from test.c:5:
exercises.c: In function ‘crearPersona’:
exercises.c:69:11: error: passing argument 1 of ‘strcpy’ makes pointer from integer without a cast [-Werror=int-conversion]
   69 |   strcpy(p->edad, edad);
      |          ~^~~~~~
      |           |
      |           int
In file included from /nix/store/dwsi3wsqpqm0hpzdm9fsxc7q732p9xwi-glibc-2.34-210-dev/include/features.h:490,
                 from /nix/store/dwsi3wsqpqm0hpzdm9fsxc7q732p9xwi-glibc-2.34-210-dev/include/bits/libc-header-start.h:33,
                 from /nix/store/dwsi3wsqpqm0hpzdm9fsxc7q732p9xwi-glibc-2.34-210-dev/include/stdio.h:27,
                 from test.c:1:
/nix/store/dwsi3wsqpqm0hpzdm9fsxc7q732p9xwi-glibc-2.34-210-dev/include/bits/string_fortified.h:77:1: note: expected ‘char * restrict’ but argument is of type ‘int’
   77 | __NTH (strcpy (char *__restrict __dest, const char *__restrict __src))
      | ^~~~~
In file included from test.c:5:
exercises.c:69:19: error: passing argument 2 of ‘strcpy’ makes pointer from integer without a cast [-Werror=int-conversion]
   69 |   strcpy(p->edad, edad);
      |                   ^~~~
      |                   |
      |                   int
In file included from /nix/store/dwsi3wsqpqm0hpzdm9fsxc7q732p9xwi-glibc-2.34-210-dev/include/features.h:490,
                 from /nix/store/dwsi3wsqpqm0hpzdm9fsxc7q732p9xwi-glibc-2.34-210-dev/include/bits/libc-header-start.h:33,
                 from /nix/store/dwsi3wsqpqm0hpzdm9fsxc7q732p9xwi-glibc-2.34-210-dev/include/stdio.h:27,
                 from test.c:1:
/nix/store/dwsi3wsqpqm0hpzdm9fsxc7q732p9xwi-glibc-2.34-210-dev/include/bits/string_fortified.h:77:1: note: expected ‘const char * restrict’ but argument is of type ‘int’
   77 | __NTH (strcpy (char *__restrict __dest, const char *__restrict __src))
      | ^~~~~
In file included from test.c:5:
exercises.c:71:1: error: control reaches end of non-void function [-Werror=return-type]
   71 | }
      | ^
cc1: all warnings being treated as errors
Compilation failed
29c9e60
Fri 12 Aug 2022 07:55:52 PM UTC: 
 exercises.c | 2 +-
 1 file changed, 1 insertion(+), 1 deletion(-)
In file included from test.c:5:
exercises.c: In function ‘crearPersona’:
exercises.c:66:17: error: ‘persona’ undeclared (first use in this function); did you mean ‘Persona’?
   66 |   Persona* p = (persona *)malloc(sizeof(Persona));
      |                 ^~~~~~~
      |                 Persona
exercises.c:66:17: note: each undeclared identifier is reported only once for each function it appears in
exercises.c:66:26: error: expected expression before ‘)’ token
   66 |   Persona* p = (persona *)malloc(sizeof(Persona));
      |                          ^
exercises.c:69:11: error: passing argument 1 of ‘strcpy’ makes pointer from integer without a cast [-Werror=int-conversion]
   69 |   strcpy(p->edad, edad);
      |          ~^~~~~~
      |           |
      |           int
In file included from /nix/store/dwsi3wsqpqm0hpzdm9fsxc7q732p9xwi-glibc-2.34-210-dev/include/features.h:490,
                 from /nix/store/dwsi3wsqpqm0hpzdm9fsxc7q732p9xwi-glibc-2.34-210-dev/include/bits/libc-header-start.h:33,
                 from /nix/store/dwsi3wsqpqm0hpzdm9fsxc7q732p9xwi-glibc-2.34-210-dev/include/stdio.h:27,
                 from test.c:1:
/nix/store/dwsi3wsqpqm0hpzdm9fsxc7q732p9xwi-glibc-2.34-210-dev/include/bits/string_fortified.h:77:1: note: expected ‘char * restrict’ but argument is of type ‘int’
   77 | __NTH (strcpy (char *__restrict __dest, const char *__restrict __src))
      | ^~~~~
In file included from test.c:5:
exercises.c:69:19: error: passing argument 2 of ‘strcpy’ makes pointer from integer without a cast [-Werror=int-conversion]
   69 |   strcpy(p->edad, edad);
      |                   ^~~~
      |                   |
      |                   int
In file included from /nix/store/dwsi3wsqpqm0hpzdm9fsxc7q732p9xwi-glibc-2.34-210-dev/include/features.h:490,
                 from /nix/store/dwsi3wsqpqm0hpzdm9fsxc7q732p9xwi-glibc-2.34-210-dev/include/bits/libc-header-start.h:33,
                 from /nix/store/dwsi3wsqpqm0hpzdm9fsxc7q732p9xwi-glibc-2.34-210-dev/include/stdio.h:27,
                 from test.c:1:
/nix/store/dwsi3wsqpqm0hpzdm9fsxc7q732p9xwi-glibc-2.34-210-dev/include/bits/string_fortified.h:77:1: note: expected ‘const char * restrict’ but argument is of type ‘int’
   77 | __NTH (strcpy (char *__restrict __dest, const char *__restrict __src))
      | ^~~~~
In file included from test.c:5:
exercises.c:71:1: error: control reaches end of non-void function [-Werror=return-type]
   71 | }
      | ^
cc1: all warnings being treated as errors
Compilation failed
1561862
Fri 12 Aug 2022 07:56:31 PM UTC: 
 exercises.c | 1 +
 1 file changed, 1 insertion(+)
In file included from test.c:5:
exercises.c: In function ‘crearPersona’:
exercises.c:66:17: error: ‘persona’ undeclared (first use in this function); did you mean ‘Persona’?
   66 |   Persona* p = (persona *)malloc(sizeof(Persona));
      |                 ^~~~~~~
      |                 Persona
exercises.c:66:17: note: each undeclared identifier is reported only once for each function it appears in
exercises.c:66:26: error: expected expression before ‘)’ token
   66 |   Persona* p = (persona *)malloc(sizeof(Persona));
      |                          ^
exercises.c:69:11: error: passing argument 1 of ‘strcpy’ makes pointer from integer without a cast [-Werror=int-conversion]
   69 |   strcpy(p->edad, edad);
      |          ~^~~~~~
      |           |
      |           int
In file included from /nix/store/dwsi3wsqpqm0hpzdm9fsxc7q732p9xwi-glibc-2.34-210-dev/include/features.h:490,
                 from /nix/store/dwsi3wsqpqm0hpzdm9fsxc7q732p9xwi-glibc-2.34-210-dev/include/bits/libc-header-start.h:33,
                 from /nix/store/dwsi3wsqpqm0hpzdm9fsxc7q732p9xwi-glibc-2.34-210-dev/include/stdio.h:27,
                 from test.c:1:
/nix/store/dwsi3wsqpqm0hpzdm9fsxc7q732p9xwi-glibc-2.34-210-dev/include/bits/string_fortified.h:77:1: note: expected ‘char * restrict’ but argument is of type ‘int’
   77 | __NTH (strcpy (char *__restrict __dest, const char *__restrict __src))
      | ^~~~~
In file included from test.c:5:
exercises.c:69:19: error: passing argument 2 of ‘strcpy’ makes pointer from integer without a cast [-Werror=int-conversion]
   69 |   strcpy(p->edad, edad);
      |                   ^~~~
      |                   |
      |                   int
In file included from /nix/store/dwsi3wsqpqm0hpzdm9fsxc7q732p9xwi-glibc-2.34-210-dev/include/features.h:490,
                 from /nix/store/dwsi3wsqpqm0hpzdm9fsxc7q732p9xwi-glibc-2.34-210-dev/include/bits/libc-header-start.h:33,
                 from /nix/store/dwsi3wsqpqm0hpzdm9fsxc7q732p9xwi-glibc-2.34-210-dev/include/stdio.h:27,
                 from test.c:1:
/nix/store/dwsi3wsqpqm0hpzdm9fsxc7q732p9xwi-glibc-2.34-210-dev/include/bits/string_fortified.h:77:1: note: expected ‘const char * restrict’ but argument is of type ‘int’
   77 | __NTH (strcpy (char *__restrict __dest, const char *__restrict __src))
      | ^~~~~
cc1: all warnings being treated as errors
Compilation failed
e4a6d83
Fri 12 Aug 2022 07:57:30 PM UTC: 
 exercises.c | 2 --
 1 file changed, 2 deletions(-)
In file included from test.c:5:
exercises.c: In function ‘crearPersona’:
exercises.c:66:18: error: ‘persona’ undeclared (first use in this function); did you mean ‘Persona’?
   66 |   Persona * p = (persona *)malloc(sizeof(Persona));
      |                  ^~~~~~~
      |                  Persona
exercises.c:66:18: note: each undeclared identifier is reported only once for each function it appears in
exercises.c:66:27: error: expected expression before ‘)’ token
   66 |   Persona * p = (persona *)malloc(sizeof(Persona));
      |                           ^
exercises.c:69:11: error: passing argument 1 of ‘strcpy’ makes pointer from integer without a cast [-Werror=int-conversion]
   69 |   strcpy(p->edad, edad);
      |          ~^~~~~~
      |           |
      |           int
In file included from /nix/store/dwsi3wsqpqm0hpzdm9fsxc7q732p9xwi-glibc-2.34-210-dev/include/features.h:490,
                 from /nix/store/dwsi3wsqpqm0hpzdm9fsxc7q732p9xwi-glibc-2.34-210-dev/include/bits/libc-header-start.h:33,
                 from /nix/store/dwsi3wsqpqm0hpzdm9fsxc7q732p9xwi-glibc-2.34-210-dev/include/stdio.h:27,
                 from test.c:1:
/nix/store/dwsi3wsqpqm0hpzdm9fsxc7q732p9xwi-glibc-2.34-210-dev/include/bits/string_fortified.h:77:1: note: expected ‘char * restrict’ but argument is of type ‘int’
   77 | __NTH (strcpy (char *__restrict __dest, const char *__restrict __src))
      | ^~~~~
In file included from test.c:5:
exercises.c:69:19: error: passing argument 2 of ‘strcpy’ makes pointer from integer without a cast [-Werror=int-conversion]
   69 |   strcpy(p->edad, edad);
      |                   ^~~~
      |                   |
      |                   int
In file included from /nix/store/dwsi3wsqpqm0hpzdm9fsxc7q732p9xwi-glibc-2.34-210-dev/include/features.h:490,
                 from /nix/store/dwsi3wsqpqm0hpzdm9fsxc7q732p9xwi-glibc-2.34-210-dev/include/bits/libc-header-start.h:33,
                 from /nix/store/dwsi3wsqpqm0hpzdm9fsxc7q732p9xwi-glibc-2.34-210-dev/include/stdio.h:27,
                 from test.c:1:
/nix/store/dwsi3wsqpqm0hpzdm9fsxc7q732p9xwi-glibc-2.34-210-dev/include/bits/string_fortified.h:77:1: note: expected ‘const char * restrict’ but argument is of type ‘int’
   77 | __NTH (strcpy (char *__restrict __dest, const char *__restrict __src))
      | ^~~~~
In file included from test.c:5:
exercises.c: In function ‘crearVector’:
exercises.c:89:1: error: control reaches end of non-void function [-Werror=return-type]
   89 | }
      | ^
cc1: all warnings being treated as errors
Compilation failed
f38f507
Fri 12 Aug 2022 07:58:16 PM UTC: 
 exercises.c | 2 +-
 1 file changed, 1 insertion(+), 1 deletion(-)
In file included from test.c:5:
exercises.c: In function ‘crearPersona’:
exercises.c:66:18: error: ‘persona’ undeclared (first use in this function); did you mean ‘Persona’?
   66 |   Persona * p = (persona *)malloc(sizeof(Persona));
      |                  ^~~~~~~
      |                  Persona
exercises.c:66:18: note: each undeclared identifier is reported only once for each function it appears in
exercises.c:66:27: error: expected expression before ‘)’ token
   66 |   Persona * p = (persona *)malloc(sizeof(Persona));
      |                           ^
exercises.c: In function ‘crearVector’:
exercises.c:89:1: error: control reaches end of non-void function [-Werror=return-type]
   89 | }
      | ^
cc1: all warnings being treated as errors
Compilation failed
633d323
Fri 12 Aug 2022 07:58:41 PM UTC: 
 exercises.c | 4 ++--
 1 file changed, 2 insertions(+), 2 deletions(-)
 tests:  3|4
total_score: 30/70
1a2e185
